<?xml version="1.0" encoding="UTF-8"?>
<!-- Generated by org.testng.reporters.JUnitXMLReporter -->
<testsuite hostname="Raje" ignored="0" name="Test" tests="7" failures="0" timestamp="15 Feb 2023 21:15:40 GMT" time="149.586" errors="0">
  <testcase name="checkURL" time="0.296" classname="hitachi.tests.HitachiSearchTest"/>
  <testcase name="noSearchResults" time="4.639" classname="hitachi.tests.HitachiSearchTest"/>
  <testcase name="nopagination" time="4.532" classname="hitachi.tests.HitachiSearchTest"/>
  <testcase name="searchKeyword" time="4.096" classname="hitachi.tests.HitachiSearchTest"/>
  <testcase name="verifyPageTitle" time="0.029" classname="hitachi.tests.HitachiSearchTest"/>
  <testcase name="verifySearchResultHyperlinkNavigation" time="5.193" classname="hitachi.tests.HitachiSearchTest"/>
  <testcase name="verifySearchResultsCount" time="3.402" classname="hitachi.tests.HitachiSearchTest"/>
</testsuite> <!-- Test -->
